
[notice] A new release of pip is available: 24.3.1 -> 25.2
[notice] To update, run: pip install --upgrade pip

[notice] A new release of pip is available: 24.3.1 -> 25.2
[notice] To update, run: pip install --upgrade pip
2025-10-14 09:58:07,273 - INFO - Loading predictions from: /burg/glab/users/al4385/predictions/pretrained_1219/SHR_20251009.pkl
2025-10-14 09:58:07,273 - INFO - Loading data from: /burg/glab/users/al4385/data/TFT_30/sorted_SHR.pkl
/burg-archive/home/al4385/.local/lib/python3.11/site-packages/sklearn/base.py:376: InconsistentVersionWarning: Trying to unpickle estimator QuantileTransformer from version 1.3.2 when using version 1.4.1.post1. This might lead to breaking code or invalid results. Use at your own risk. For more info please refer to:
https://scikit-learn.org/stable/model_persistence.html#security-maintainability-limitations
  warnings.warn(
/burg-archive/home/al4385/.local/lib/python3.11/site-packages/sklearn/base.py:376: InconsistentVersionWarning: Trying to unpickle estimator StandardScaler from version 1.3.2 when using version 1.4.1.post1. This might lead to breaking code or invalid results. Use at your own risk. For more info please refer to:
https://scikit-learn.org/stable/model_persistence.html#security-maintainability-limitations
  warnings.warn(
/burg-archive/home/al4385/.local/lib/python3.11/site-packages/sklearn/base.py:376: InconsistentVersionWarning: Trying to unpickle estimator LabelEncoder from version 1.3.2 when using version 1.4.1.post1. This might lead to breaking code or invalid results. Use at your own risk. For more info please refer to:
https://scikit-learn.org/stable/model_persistence.html#security-maintainability-limitations
  warnings.warn(
2025-10-14 09:58:13,780 - INFO - Processed 881640 data points
2025-10-14 10:00:01,648 - INFO - Plot saved to: /burg-archive/home/al4385/phenofusion/metrics_output/metrics_SHR.png
2025-10-14 10:00:01,649 - INFO - Metrics - R²: [0.9829271154081143, 0.9973995470520987, 0.9531705322170957, 0.6658110313727625]
2025-10-14 10:00:01,649 - INFO - Metrics - RMSE: [0.13745, 0.04406403, 0.12946844, 0.013622082]
2025-10-14 10:00:01,649 - INFO - Metrics - Bias: [-0.024769748, -0.024699384, 6.5632444e-10, -1.3056517e-12]
2025-10-14 10:00:01,649 - INFO - Analysis completed successfully
